<?xml version="1.0" encoding="UTF-8"?>
<robot generator="Robot 3.1.2 (Python 3.7.4 on linux)" generated="20200402 17:07:06.097" rpa="false">
<suite id="s1" name="Cars" source="/home/hakan/Python/Robot/data-driven/3-data-driven-with-ext-csv/Tests/Cars.robot">
<test id="s1-t1" name="Should see correct error messages with invalid logins">
<kw name="Begin Web Test" library="Common" type="setup">
<kw name="Open Browser" library="SeleniumLibrary">
<doc>Opens a new browser instance to the optional ``url``.</doc>
<arguments>
<arg>about:blank</arg>
<arg>${BROWSER}</arg>
</arguments>
<msg timestamp="20200402 17:07:06.228" level="INFO">Opening browser 'ff' to base url 'about:blank'.</msg>
<msg timestamp="20200402 17:07:06.229" level="INFO">Firefox driver log is always forced to to: /home/hakan/Python/Robot/data-driven/3-data-driven-with-ext-csv/Results/geckodriver-10.log</msg>
<status status="PASS" starttime="20200402 17:07:06.228" endtime="20200402 17:07:12.495"></status>
</kw>
<kw name="Maximize Browser Window" library="SeleniumLibrary">
<doc>Maximizes current browser window.</doc>
<status status="PASS" starttime="20200402 17:07:12.495" endtime="20200402 17:07:12.879"></status>
</kw>
<status status="PASS" starttime="20200402 17:07:06.228" endtime="20200402 17:07:12.879"></status>
</kw>
<kw name="Login with Many Invalid Credentials" library="CarsApp">
<kw name="${LoginScenarioNo} IN RANGE [ 99999 ]" type="for">
<kw name="${LoginScenarioNo} = 0" type="foritem">
<kw name="Get Row From CSV File" library="DataManager">
<assign>
<var>${LoginScenario}</var>
</assign>
<kw name="Read Row From Csv File" library="CSV_Reader">
<assign>
<var>${Data}</var>
</assign>
<msg timestamp="20200402 17:07:12.883" level="INFO">${Data} = ['unregistered.user@gmail.com', 'TestPassword!', 'Your username and/or password is incorrect. Please try again.']</msg>
<status status="PASS" starttime="20200402 17:07:12.883" endtime="20200402 17:07:12.887"></status>
</kw>
<msg timestamp="20200402 17:07:12.887" level="INFO">${LoginScenario} = ['unregistered.user@gmail.com', 'TestPassword!', 'Your username and/or password is incorrect. Please try again.']</msg>
<status status="PASS" starttime="20200402 17:07:12.882" endtime="20200402 17:07:12.887"></status>
</kw>
<kw name="Exit For Loop If" library="BuiltIn">
<doc>Stops executing the enclosing for loop if the ``condition`` is true.</doc>
<arguments>
<arg>$LoginScenario is None</arg>
</arguments>
<status status="PASS" starttime="20200402 17:07:12.888" endtime="20200402 17:07:12.902"></status>
</kw>
<kw name="Run Keyword And Continue On Failure" library="BuiltIn">
<doc>Runs the keyword and continues execution even if a failure occurs.</doc>
<arguments>
<arg>SignIn.Navigate To</arg>
</arguments>
<kw name="Navigate To" library="SignIn">
<kw name="Catenate" library="BuiltIn">
<doc>Catenates the given items together and returns the resulted string.</doc>
<arguments>
<arg>SEPARATOR=/</arg>
<arg>${BASE_URL}[${ENVIRONMENT}]</arg>
<arg>${LOGIN_URL}</arg>
</arguments>
<assign>
<var>${SignInUrl}</var>
</assign>
<msg timestamp="20200402 17:07:12.903" level="INFO">${SignInUrl} = https://www.cars.com//profile/secure/login</msg>
<status status="PASS" starttime="20200402 17:07:12.902" endtime="20200402 17:07:12.903"></status>
</kw>
<kw name="Go To" library="SeleniumLibrary">
<doc>Navigates the current browser window to the provided ``url``.</doc>
<arguments>
<arg>${SignInUrl}</arg>
</arguments>
<msg timestamp="20200402 17:07:12.903" level="INFO">Opening url 'https://www.cars.com//profile/secure/login'</msg>
<status status="PASS" starttime="20200402 17:07:12.903" endtime="20200402 17:07:21.148"></status>
</kw>
<status status="PASS" starttime="20200402 17:07:12.902" endtime="20200402 17:07:21.148"></status>
</kw>
<status status="PASS" starttime="20200402 17:07:12.902" endtime="20200402 17:07:21.148"></status>
</kw>
<kw name="Run Keyword And Continue On Failure" library="BuiltIn">
<doc>Runs the keyword and continues execution even if a failure occurs.</doc>
<arguments>
<arg>Attempt Login</arg>
<arg>${LoginScenario}</arg>
</arguments>
<kw name="Attempt Login" library="CarsApp">
<arguments>
<arg>${LoginScenario}</arg>
</arguments>
<kw name="Enter Credentials" library="SignIn">
<arguments>
<arg>${Credentials}</arg>
</arguments>
<kw name="Run Keyword Unless" library="BuiltIn">
<doc>Runs the given keyword with the given arguments if ``condition`` is false.</doc>
<arguments>
<arg>'${Credentials[0]}' == '#BLANK'</arg>
<arg>Input Text</arg>
<arg>${SIGN_IN_EMAIL_FIELD}</arg>
<arg>${Credentials[0]}</arg>
</arguments>
<kw name="Input Text" library="SeleniumLibrary">
<doc>Types the given ``text`` into the text field identified by ``locator``.</doc>
<arguments>
<arg>${SIGN_IN_EMAIL_FIELD}</arg>
<arg>${Credentials[0]}</arg>
</arguments>
<msg timestamp="20200402 17:07:21.150" level="INFO">Typing text 'unregistered.user@gmail.com' into text field 'xpath=//input[@ng-model='$ctrl.credentials.email']'.</msg>
<status status="PASS" starttime="20200402 17:07:21.149" endtime="20200402 17:07:21.653"></status>
</kw>
<status status="PASS" starttime="20200402 17:07:21.149" endtime="20200402 17:07:21.653"></status>
</kw>
<kw name="Run Keyword Unless" library="BuiltIn">
<doc>Runs the given keyword with the given arguments if ``condition`` is false.</doc>
<arguments>
<arg>'${Credentials[1]}' == '#BLANK'</arg>
<arg>Input Text</arg>
<arg>${SIGN_IN_PASSWORD_FIELD}</arg>
<arg>${Credentials[1]}</arg>
</arguments>
<kw name="Input Text" library="SeleniumLibrary">
<doc>Types the given ``text`` into the text field identified by ``locator``.</doc>
<arguments>
<arg>${SIGN_IN_PASSWORD_FIELD}</arg>
<arg>${Credentials[1]}</arg>
</arguments>
<msg timestamp="20200402 17:07:21.654" level="INFO">Typing text 'TestPassword!' into text field 'xpath=//input[@ng-model='$ctrl.credentials.password']'.</msg>
<status status="PASS" starttime="20200402 17:07:21.654" endtime="20200402 17:07:21.853"></status>
</kw>
<status status="PASS" starttime="20200402 17:07:21.654" endtime="20200402 17:07:21.853"></status>
</kw>
<status status="PASS" starttime="20200402 17:07:21.149" endtime="20200402 17:07:21.853"></status>
</kw>
<kw name="Click Submit" library="SignIn">
<kw name="Click Button" library="SeleniumLibrary">
<doc>Clicks the button identified by ``locator``.</doc>
<arguments>
<arg>${LOGIN_SUBMIT_BUTTON}</arg>
</arguments>
<msg timestamp="20200402 17:07:21.854" level="INFO">Clicking button 'Log In'.</msg>
<status status="PASS" starttime="20200402 17:07:21.854" endtime="20200402 17:07:22.341"></status>
</kw>
<status status="PASS" starttime="20200402 17:07:21.853" endtime="20200402 17:07:22.341"></status>
</kw>
<kw name="Sleep" library="BuiltIn">
<doc>Pauses the test executed for the given time.</doc>
<arguments>
<arg>3s</arg>
</arguments>
<msg timestamp="20200402 17:07:25.342" level="INFO">Slept 3 seconds</msg>
<status status="PASS" starttime="20200402 17:07:22.341" endtime="20200402 17:07:25.342"></status>
</kw>
<status status="PASS" starttime="20200402 17:07:21.148" endtime="20200402 17:07:25.342"></status>
</kw>
<status status="PASS" starttime="20200402 17:07:21.148" endtime="20200402 17:07:25.342"></status>
</kw>
<kw name="Run Keyword And Continue On Failure" library="BuiltIn">
<doc>Runs the keyword and continues execution even if a failure occurs.</doc>
<arguments>
<arg>Verify Login Page Error Message</arg>
<arg>${LoginScenario[2]}</arg>
</arguments>
<kw name="Verify Login Page Error Message" library="CarsApp">
<arguments>
<arg>${LoginScenario[2]}</arg>
</arguments>
<kw name="Verify Error Message" library="SignIn">
<arguments>
<arg>${ExpectedErrorMessage}</arg>
</arguments>
<kw name="Page Should Contain" library="SeleniumLibrary">
<doc>Verifies that current page contains ``text``.</doc>
<arguments>
<arg>${ExpectedErrorMessage}</arg>
</arguments>
<kw name="Capture Page Screenshot" library="SeleniumLibrary">
<doc>Takes a screenshot of the current page and embeds it into a log file.</doc>
<msg timestamp="20200402 17:07:25.573" level="INFO" html="yes">&lt;/td&gt;&lt;/tr&gt;&lt;tr&gt;&lt;td colspan="3"&gt;&lt;a href="selenium-screenshot-6.png"&gt;&lt;img src="selenium-screenshot-6.png" width="800px"&gt;&lt;/a&gt;</msg>
<status status="PASS" starttime="20200402 17:07:25.492" endtime="20200402 17:07:25.573"></status>
</kw>
<msg timestamp="20200402 17:07:25.574" level="FAIL">Page should have contained text 'Your username and/or password is incorrect. Please try again.' but did not.</msg>
<status status="FAIL" starttime="20200402 17:07:25.343" endtime="20200402 17:07:25.574"></status>
</kw>
<status status="FAIL" starttime="20200402 17:07:25.343" endtime="20200402 17:07:25.574"></status>
</kw>
<status status="FAIL" starttime="20200402 17:07:25.342" endtime="20200402 17:07:25.575"></status>
</kw>
<status status="FAIL" starttime="20200402 17:07:25.342" endtime="20200402 17:07:25.575"></status>
</kw>
<status status="FAIL" starttime="20200402 17:07:12.882" endtime="20200402 17:07:25.575"></status>
</kw>
<kw name="${LoginScenarioNo} = 1" type="foritem">
<kw name="Get Row From CSV File" library="DataManager">
<assign>
<var>${LoginScenario}</var>
</assign>
<kw name="Read Row From Csv File" library="CSV_Reader">
<assign>
<var>${Data}</var>
</assign>
<msg timestamp="20200402 17:07:25.576" level="INFO">${Data} = ['hakan.cuzdan@gmail.com', 'InvalidPassword', 'Your username and/or password is incorrect. Please try again.']</msg>
<status status="PASS" starttime="20200402 17:07:25.576" endtime="20200402 17:07:25.576"></status>
</kw>
<msg timestamp="20200402 17:07:25.576" level="INFO">${LoginScenario} = ['hakan.cuzdan@gmail.com', 'InvalidPassword', 'Your username and/or password is incorrect. Please try again.']</msg>
<status status="PASS" starttime="20200402 17:07:25.575" endtime="20200402 17:07:25.576"></status>
</kw>
<kw name="Exit For Loop If" library="BuiltIn">
<doc>Stops executing the enclosing for loop if the ``condition`` is true.</doc>
<arguments>
<arg>$LoginScenario is None</arg>
</arguments>
<status status="PASS" starttime="20200402 17:07:25.576" endtime="20200402 17:07:25.577"></status>
</kw>
<kw name="Run Keyword And Continue On Failure" library="BuiltIn">
<doc>Runs the keyword and continues execution even if a failure occurs.</doc>
<arguments>
<arg>SignIn.Navigate To</arg>
</arguments>
<kw name="Navigate To" library="SignIn">
<kw name="Catenate" library="BuiltIn">
<doc>Catenates the given items together and returns the resulted string.</doc>
<arguments>
<arg>SEPARATOR=/</arg>
<arg>${BASE_URL}[${ENVIRONMENT}]</arg>
<arg>${LOGIN_URL}</arg>
</arguments>
<assign>
<var>${SignInUrl}</var>
</assign>
<msg timestamp="20200402 17:07:25.578" level="INFO">${SignInUrl} = https://www.cars.com//profile/secure/login</msg>
<status status="PASS" starttime="20200402 17:07:25.578" endtime="20200402 17:07:25.578"></status>
</kw>
<kw name="Go To" library="SeleniumLibrary">
<doc>Navigates the current browser window to the provided ``url``.</doc>
<arguments>
<arg>${SignInUrl}</arg>
</arguments>
<msg timestamp="20200402 17:07:25.578" level="INFO">Opening url 'https://www.cars.com//profile/secure/login'</msg>
<status status="PASS" starttime="20200402 17:07:25.578" endtime="20200402 17:07:28.331"></status>
</kw>
<status status="PASS" starttime="20200402 17:07:25.577" endtime="20200402 17:07:28.332"></status>
</kw>
<status status="PASS" starttime="20200402 17:07:25.577" endtime="20200402 17:07:28.332"></status>
</kw>
<kw name="Run Keyword And Continue On Failure" library="BuiltIn">
<doc>Runs the keyword and continues execution even if a failure occurs.</doc>
<arguments>
<arg>Attempt Login</arg>
<arg>${LoginScenario}</arg>
</arguments>
<kw name="Attempt Login" library="CarsApp">
<arguments>
<arg>${LoginScenario}</arg>
</arguments>
<kw name="Enter Credentials" library="SignIn">
<arguments>
<arg>${Credentials}</arg>
</arguments>
<kw name="Run Keyword Unless" library="BuiltIn">
<doc>Runs the given keyword with the given arguments if ``condition`` is false.</doc>
<arguments>
<arg>'${Credentials[0]}' == '#BLANK'</arg>
<arg>Input Text</arg>
<arg>${SIGN_IN_EMAIL_FIELD}</arg>
<arg>${Credentials[0]}</arg>
</arguments>
<kw name="Input Text" library="SeleniumLibrary">
<doc>Types the given ``text`` into the text field identified by ``locator``.</doc>
<arguments>
<arg>${SIGN_IN_EMAIL_FIELD}</arg>
<arg>${Credentials[0]}</arg>
</arguments>
<msg timestamp="20200402 17:07:28.340" level="INFO">Typing text 'hakan.cuzdan@gmail.com' into text field 'xpath=//input[@ng-model='$ctrl.credentials.email']'.</msg>
<status status="PASS" starttime="20200402 17:07:28.339" endtime="20200402 17:07:28.795"></status>
</kw>
<status status="PASS" starttime="20200402 17:07:28.333" endtime="20200402 17:07:28.795"></status>
</kw>
<kw name="Run Keyword Unless" library="BuiltIn">
<doc>Runs the given keyword with the given arguments if ``condition`` is false.</doc>
<arguments>
<arg>'${Credentials[1]}' == '#BLANK'</arg>
<arg>Input Text</arg>
<arg>${SIGN_IN_PASSWORD_FIELD}</arg>
<arg>${Credentials[1]}</arg>
</arguments>
<kw name="Input Text" library="SeleniumLibrary">
<doc>Types the given ``text`` into the text field identified by ``locator``.</doc>
<arguments>
<arg>${SIGN_IN_PASSWORD_FIELD}</arg>
<arg>${Credentials[1]}</arg>
</arguments>
<msg timestamp="20200402 17:07:28.796" level="INFO">Typing text 'InvalidPassword' into text field 'xpath=//input[@ng-model='$ctrl.credentials.password']'.</msg>
<status status="PASS" starttime="20200402 17:07:28.796" endtime="20200402 17:07:29.160"></status>
</kw>
<status status="PASS" starttime="20200402 17:07:28.795" endtime="20200402 17:07:29.160"></status>
</kw>
<status status="PASS" starttime="20200402 17:07:28.332" endtime="20200402 17:07:29.160"></status>
</kw>
<kw name="Click Submit" library="SignIn">
<kw name="Click Button" library="SeleniumLibrary">
<doc>Clicks the button identified by ``locator``.</doc>
<arguments>
<arg>${LOGIN_SUBMIT_BUTTON}</arg>
</arguments>
<msg timestamp="20200402 17:07:29.161" level="INFO">Clicking button 'Log In'.</msg>
<status status="PASS" starttime="20200402 17:07:29.161" endtime="20200402 17:07:29.690"></status>
</kw>
<status status="PASS" starttime="20200402 17:07:29.161" endtime="20200402 17:07:29.690"></status>
</kw>
<kw name="Sleep" library="BuiltIn">
<doc>Pauses the test executed for the given time.</doc>
<arguments>
<arg>3s</arg>
</arguments>
<msg timestamp="20200402 17:07:32.696" level="INFO">Slept 3 seconds</msg>
<status status="PASS" starttime="20200402 17:07:29.691" endtime="20200402 17:07:32.696"></status>
</kw>
<status status="PASS" starttime="20200402 17:07:28.332" endtime="20200402 17:07:32.696"></status>
</kw>
<status status="PASS" starttime="20200402 17:07:28.332" endtime="20200402 17:07:32.696"></status>
</kw>
<kw name="Run Keyword And Continue On Failure" library="BuiltIn">
<doc>Runs the keyword and continues execution even if a failure occurs.</doc>
<arguments>
<arg>Verify Login Page Error Message</arg>
<arg>${LoginScenario[2]}</arg>
</arguments>
<kw name="Verify Login Page Error Message" library="CarsApp">
<arguments>
<arg>${LoginScenario[2]}</arg>
</arguments>
<kw name="Verify Error Message" library="SignIn">
<arguments>
<arg>${ExpectedErrorMessage}</arg>
</arguments>
<kw name="Page Should Contain" library="SeleniumLibrary">
<doc>Verifies that current page contains ``text``.</doc>
<arguments>
<arg>${ExpectedErrorMessage}</arg>
</arguments>
<kw name="Capture Page Screenshot" library="SeleniumLibrary">
<doc>Takes a screenshot of the current page and embeds it into a log file.</doc>
<msg timestamp="20200402 17:07:32.981" level="INFO" html="yes">&lt;/td&gt;&lt;/tr&gt;&lt;tr&gt;&lt;td colspan="3"&gt;&lt;a href="selenium-screenshot-7.png"&gt;&lt;img src="selenium-screenshot-7.png" width="800px"&gt;&lt;/a&gt;</msg>
<status status="PASS" starttime="20200402 17:07:32.890" endtime="20200402 17:07:32.981"></status>
</kw>
<msg timestamp="20200402 17:07:32.981" level="FAIL">Page should have contained text 'Your username and/or password is incorrect. Please try again.' but did not.</msg>
<status status="FAIL" starttime="20200402 17:07:32.697" endtime="20200402 17:07:32.981"></status>
</kw>
<status status="FAIL" starttime="20200402 17:07:32.697" endtime="20200402 17:07:32.981"></status>
</kw>
<status status="FAIL" starttime="20200402 17:07:32.696" endtime="20200402 17:07:32.982"></status>
</kw>
<status status="FAIL" starttime="20200402 17:07:32.696" endtime="20200402 17:07:32.982"></status>
</kw>
<status status="FAIL" starttime="20200402 17:07:25.575" endtime="20200402 17:07:32.982"></status>
</kw>
<kw name="${LoginScenarioNo} = 2" type="foritem">
<kw name="Get Row From CSV File" library="DataManager">
<assign>
<var>${LoginScenario}</var>
</assign>
<kw name="Read Row From Csv File" library="CSV_Reader">
<assign>
<var>${Data}</var>
</assign>
<msg timestamp="20200402 17:07:32.982" level="INFO">${Data} = ['#BLANK', '#BLANK', 'Please enter your email address and password.']</msg>
<status status="PASS" starttime="20200402 17:07:32.982" endtime="20200402 17:07:32.983"></status>
</kw>
<msg timestamp="20200402 17:07:32.983" level="INFO">${LoginScenario} = ['#BLANK', '#BLANK', 'Please enter your email address and password.']</msg>
<status status="PASS" starttime="20200402 17:07:32.982" endtime="20200402 17:07:32.983"></status>
</kw>
<kw name="Exit For Loop If" library="BuiltIn">
<doc>Stops executing the enclosing for loop if the ``condition`` is true.</doc>
<arguments>
<arg>$LoginScenario is None</arg>
</arguments>
<status status="PASS" starttime="20200402 17:07:32.983" endtime="20200402 17:07:32.985"></status>
</kw>
<kw name="Run Keyword And Continue On Failure" library="BuiltIn">
<doc>Runs the keyword and continues execution even if a failure occurs.</doc>
<arguments>
<arg>SignIn.Navigate To</arg>
</arguments>
<kw name="Navigate To" library="SignIn">
<kw name="Catenate" library="BuiltIn">
<doc>Catenates the given items together and returns the resulted string.</doc>
<arguments>
<arg>SEPARATOR=/</arg>
<arg>${BASE_URL}[${ENVIRONMENT}]</arg>
<arg>${LOGIN_URL}</arg>
</arguments>
<assign>
<var>${SignInUrl}</var>
</assign>
<msg timestamp="20200402 17:07:32.986" level="INFO">${SignInUrl} = https://www.cars.com//profile/secure/login</msg>
<status status="PASS" starttime="20200402 17:07:32.986" endtime="20200402 17:07:32.986"></status>
</kw>
<kw name="Go To" library="SeleniumLibrary">
<doc>Navigates the current browser window to the provided ``url``.</doc>
<arguments>
<arg>${SignInUrl}</arg>
</arguments>
<msg timestamp="20200402 17:07:32.986" level="INFO">Opening url 'https://www.cars.com//profile/secure/login'</msg>
<status status="PASS" starttime="20200402 17:07:32.986" endtime="20200402 17:07:36.520"></status>
</kw>
<status status="PASS" starttime="20200402 17:07:32.986" endtime="20200402 17:07:36.520"></status>
</kw>
<status status="PASS" starttime="20200402 17:07:32.985" endtime="20200402 17:07:36.520"></status>
</kw>
<kw name="Run Keyword And Continue On Failure" library="BuiltIn">
<doc>Runs the keyword and continues execution even if a failure occurs.</doc>
<arguments>
<arg>Attempt Login</arg>
<arg>${LoginScenario}</arg>
</arguments>
<kw name="Attempt Login" library="CarsApp">
<arguments>
<arg>${LoginScenario}</arg>
</arguments>
<kw name="Enter Credentials" library="SignIn">
<arguments>
<arg>${Credentials}</arg>
</arguments>
<kw name="Run Keyword Unless" library="BuiltIn">
<doc>Runs the given keyword with the given arguments if ``condition`` is false.</doc>
<arguments>
<arg>'${Credentials[0]}' == '#BLANK'</arg>
<arg>Input Text</arg>
<arg>${SIGN_IN_EMAIL_FIELD}</arg>
<arg>${Credentials[0]}</arg>
</arguments>
<status status="PASS" starttime="20200402 17:07:36.522" endtime="20200402 17:07:36.522"></status>
</kw>
<kw name="Run Keyword Unless" library="BuiltIn">
<doc>Runs the given keyword with the given arguments if ``condition`` is false.</doc>
<arguments>
<arg>'${Credentials[1]}' == '#BLANK'</arg>
<arg>Input Text</arg>
<arg>${SIGN_IN_PASSWORD_FIELD}</arg>
<arg>${Credentials[1]}</arg>
</arguments>
<status status="PASS" starttime="20200402 17:07:36.522" endtime="20200402 17:07:36.527"></status>
</kw>
<status status="PASS" starttime="20200402 17:07:36.522" endtime="20200402 17:07:36.527"></status>
</kw>
<kw name="Click Submit" library="SignIn">
<kw name="Click Button" library="SeleniumLibrary">
<doc>Clicks the button identified by ``locator``.</doc>
<arguments>
<arg>${LOGIN_SUBMIT_BUTTON}</arg>
</arguments>
<msg timestamp="20200402 17:07:36.528" level="INFO">Clicking button 'Log In'.</msg>
<status status="PASS" starttime="20200402 17:07:36.528" endtime="20200402 17:07:37.112"></status>
</kw>
<status status="PASS" starttime="20200402 17:07:36.527" endtime="20200402 17:07:37.112"></status>
</kw>
<kw name="Sleep" library="BuiltIn">
<doc>Pauses the test executed for the given time.</doc>
<arguments>
<arg>3s</arg>
</arguments>
<msg timestamp="20200402 17:07:40.113" level="INFO">Slept 3 seconds</msg>
<status status="PASS" starttime="20200402 17:07:37.112" endtime="20200402 17:07:40.113"></status>
</kw>
<status status="PASS" starttime="20200402 17:07:36.521" endtime="20200402 17:07:40.113"></status>
</kw>
<status status="PASS" starttime="20200402 17:07:36.520" endtime="20200402 17:07:40.113"></status>
</kw>
<kw name="Run Keyword And Continue On Failure" library="BuiltIn">
<doc>Runs the keyword and continues execution even if a failure occurs.</doc>
<arguments>
<arg>Verify Login Page Error Message</arg>
<arg>${LoginScenario[2]}</arg>
</arguments>
<kw name="Verify Login Page Error Message" library="CarsApp">
<arguments>
<arg>${LoginScenario[2]}</arg>
</arguments>
<kw name="Verify Error Message" library="SignIn">
<arguments>
<arg>${ExpectedErrorMessage}</arg>
</arguments>
<kw name="Page Should Contain" library="SeleniumLibrary">
<doc>Verifies that current page contains ``text``.</doc>
<arguments>
<arg>${ExpectedErrorMessage}</arg>
</arguments>
<msg timestamp="20200402 17:07:40.128" level="INFO">Current page contains text 'Please enter your email address and password.'.</msg>
<status status="PASS" starttime="20200402 17:07:40.114" endtime="20200402 17:07:40.129"></status>
</kw>
<status status="PASS" starttime="20200402 17:07:40.114" endtime="20200402 17:07:40.129"></status>
</kw>
<status status="PASS" starttime="20200402 17:07:40.113" endtime="20200402 17:07:40.129"></status>
</kw>
<status status="PASS" starttime="20200402 17:07:40.113" endtime="20200402 17:07:40.129"></status>
</kw>
<status status="PASS" starttime="20200402 17:07:32.982" endtime="20200402 17:07:40.129"></status>
</kw>
<kw name="${LoginScenarioNo} = 3" type="foritem">
<kw name="Get Row From CSV File" library="DataManager">
<assign>
<var>${LoginScenario}</var>
</assign>
<kw name="Read Row From Csv File" library="CSV_Reader">
<assign>
<var>${Data}</var>
</assign>
<msg timestamp="20200402 17:07:40.129" level="INFO">${Data} = None</msg>
<status status="PASS" starttime="20200402 17:07:40.129" endtime="20200402 17:07:40.130"></status>
</kw>
<msg timestamp="20200402 17:07:40.130" level="INFO">${LoginScenario} = None</msg>
<status status="PASS" starttime="20200402 17:07:40.129" endtime="20200402 17:07:40.130"></status>
</kw>
<kw name="Exit For Loop If" library="BuiltIn">
<doc>Stops executing the enclosing for loop if the ``condition`` is true.</doc>
<arguments>
<arg>$LoginScenario is None</arg>
</arguments>
<msg timestamp="20200402 17:07:40.130" level="INFO">Exiting for loop altogether.</msg>
<status status="PASS" starttime="20200402 17:07:40.130" endtime="20200402 17:07:40.131"></status>
</kw>
<status status="PASS" starttime="20200402 17:07:40.129" endtime="20200402 17:07:40.131"></status>
</kw>
<status status="FAIL" starttime="20200402 17:07:12.880" endtime="20200402 17:07:40.132"></status>
</kw>
<status status="FAIL" starttime="20200402 17:07:12.880" endtime="20200402 17:07:40.132"></status>
</kw>
<kw name="End Web Test" library="Common" type="teardown">
<kw name="Close All Browsers" library="SeleniumLibrary">
<doc>Closes all open browsers and resets the browser cache.</doc>
<status status="PASS" starttime="20200402 17:07:40.132" endtime="20200402 17:07:44.320"></status>
</kw>
<status status="PASS" starttime="20200402 17:07:40.132" endtime="20200402 17:07:44.321"></status>
</kw>
<status status="FAIL" starttime="20200402 17:07:06.227" endtime="20200402 17:07:44.321" critical="yes">Several failures occurred:

1) Page should have contained text 'Your username and/or password is incorrect. Please try again.' but did not.

2) Page should have contained text 'Your username and/or password is incorrect. Please try again.' but did not.</status>
</test>
<doc>Demonstrate a need for data-driven testing</doc>
<status status="FAIL" starttime="20200402 17:07:06.097" endtime="20200402 17:07:44.322"></status>
</suite>
<statistics>
<total>
<stat pass="0" fail="1">Critical Tests</stat>
<stat pass="0" fail="1">All Tests</stat>
</total>
<tag>
</tag>
<suite>
<stat pass="0" fail="1" id="s1" name="Cars">Cars</stat>
</suite>
</statistics>
<errors>
</errors>
</robot>
