<?xml version="1.0" encoding="UTF-8"?>
<robot generator="Robot 3.1.2 (Python 3.7.4 on linux)" generated="20200401 16:39:29.607" rpa="false">
<suite id="s1" name="Cars" source="/home/hakan/Python/Robot/data-driven-with-ext-csv/Tests/Cars.robot">
<test id="s1-t1" name="Should see correct error messages with invalid logins">
<kw name="Begin Web Test" library="Common" type="setup">
<kw name="Open Browser" library="SeleniumLibrary">
<doc>Opens a new browser instance to the optional ``url``.</doc>
<arguments>
<arg>about:blank</arg>
<arg>${BROWSER}</arg>
</arguments>
<msg timestamp="20200401 16:39:29.780" level="INFO">Opening browser 'ff' to base url 'about:blank'.</msg>
<msg timestamp="20200401 16:39:29.780" level="INFO">Firefox driver log is always forced to to: /home/hakan/Python/Robot/data-driven-with-ext-csv/Results/geckodriver-3.log</msg>
<status status="PASS" starttime="20200401 16:39:29.779" endtime="20200401 16:39:36.682"></status>
</kw>
<kw name="Maximize Browser Window" library="SeleniumLibrary">
<doc>Maximizes current browser window.</doc>
<status status="PASS" starttime="20200401 16:39:36.682" endtime="20200401 16:39:37.068"></status>
</kw>
<status status="PASS" starttime="20200401 16:39:29.779" endtime="20200401 16:39:37.069"></status>
</kw>
<kw name="Get CSV Data" library="DataManager">
<arguments>
<arg>${INVALID_CREDENTIALS_PATH_CSV}</arg>
</arguments>
<assign>
<var>${InvalidLoginScenarios}</var>
</assign>
<kw name="Read Csv File" library="Csv">
<arguments>
<arg>${FilePath}</arg>
</arguments>
<assign>
<var>${Data}</var>
</assign>
<msg timestamp="20200401 16:39:37.074" level="INFO">${Data} = [['unregistered.user@gmail.com', 'TestPassword!', 'Your username and/or password is incorrect. Please try again.'], ['hakan.cuzdan@gmail.com', 'InvalidPassword', 'Your username and/or password is inco...</msg>
<status status="PASS" starttime="20200401 16:39:37.073" endtime="20200401 16:39:37.074"></status>
</kw>
<msg timestamp="20200401 16:39:37.074" level="INFO">${InvalidLoginScenarios} = [['unregistered.user@gmail.com', 'TestPassword!', 'Your username and/or password is incorrect. Please try again.'], ['hakan.cuzdan@gmail.com', 'InvalidPassword', 'Your username and/or password is inco...</msg>
<status status="PASS" starttime="20200401 16:39:37.069" endtime="20200401 16:39:37.074"></status>
</kw>
<kw name="Login with Many Invalid Credentials" library="CarsApp">
<arguments>
<arg>${InvalidLoginScenarios}</arg>
</arguments>
<kw name="${LoginScenario} IN [ @{InvalidLoginScenarios} ]" type="for">
<kw name="${LoginScenario} = ['unregistered.user@gmail.com', 'TestPassword!', 'Your username and/or password is incorrect. Please try again.']" type="foritem">
<kw name="Run Keyword And Continue On Failure" library="BuiltIn">
<doc>Runs the keyword and continues execution even if a failure occurs.</doc>
<arguments>
<arg>SignIn.Navigate To</arg>
</arguments>
<kw name="Navigate To" library="SignIn">
<kw name="Catenate" library="BuiltIn">
<doc>Catenates the given items together and returns the resulted string.</doc>
<arguments>
<arg>SEPARATOR=/</arg>
<arg>${BASE_URL}[${ENVIRONMENT}]</arg>
<arg>${LOGIN_URL}</arg>
</arguments>
<assign>
<var>${SignInUrl}</var>
</assign>
<msg timestamp="20200401 16:39:37.079" level="INFO">${SignInUrl} = https://www.cars.com//profile/secure/login</msg>
<status status="PASS" starttime="20200401 16:39:37.076" endtime="20200401 16:39:37.079"></status>
</kw>
<kw name="Go To" library="SeleniumLibrary">
<doc>Navigates the current browser window to the provided ``url``.</doc>
<arguments>
<arg>${SignInUrl}</arg>
</arguments>
<msg timestamp="20200401 16:39:37.079" level="INFO">Opening url 'https://www.cars.com//profile/secure/login'</msg>
<status status="PASS" starttime="20200401 16:39:37.079" endtime="20200401 16:39:44.340"></status>
</kw>
<status status="PASS" starttime="20200401 16:39:37.076" endtime="20200401 16:39:44.340"></status>
</kw>
<status status="PASS" starttime="20200401 16:39:37.075" endtime="20200401 16:39:44.340"></status>
</kw>
<kw name="Run Keyword And Continue On Failure" library="BuiltIn">
<doc>Runs the keyword and continues execution even if a failure occurs.</doc>
<arguments>
<arg>Attempt Login</arg>
<arg>${LoginScenario}</arg>
</arguments>
<kw name="Attempt Login" library="CarsApp">
<arguments>
<arg>${LoginScenario}</arg>
</arguments>
<kw name="Enter Credentials" library="SignIn">
<arguments>
<arg>${Credentials}</arg>
</arguments>
<kw name="Run Keyword Unless" library="BuiltIn">
<doc>Runs the given keyword with the given arguments if ``condition`` is false.</doc>
<arguments>
<arg>'${Credentials[0]}' == '#BLANK'</arg>
<arg>Input Text</arg>
<arg>${SIGN_IN_EMAIL_FIELD}</arg>
<arg>${Credentials[0]}</arg>
</arguments>
<kw name="Input Text" library="SeleniumLibrary">
<doc>Types the given ``text`` into the text field identified by ``locator``.</doc>
<arguments>
<arg>${SIGN_IN_EMAIL_FIELD}</arg>
<arg>${Credentials[0]}</arg>
</arguments>
<msg timestamp="20200401 16:39:44.342" level="INFO">Typing text 'unregistered.user@gmail.com' into text field 'xpath=//input[@ng-model='$ctrl.credentials.email']'.</msg>
<status status="PASS" starttime="20200401 16:39:44.341" endtime="20200401 16:39:45.041"></status>
</kw>
<status status="PASS" starttime="20200401 16:39:44.341" endtime="20200401 16:39:45.041"></status>
</kw>
<kw name="Run Keyword Unless" library="BuiltIn">
<doc>Runs the given keyword with the given arguments if ``condition`` is false.</doc>
<arguments>
<arg>'${Credentials[1]}' == '#BLANK'</arg>
<arg>Input Text</arg>
<arg>${SIGN_IN_PASSWORD_FIELD}</arg>
<arg>${Credentials[1]}</arg>
</arguments>
<kw name="Input Text" library="SeleniumLibrary">
<doc>Types the given ``text`` into the text field identified by ``locator``.</doc>
<arguments>
<arg>${SIGN_IN_PASSWORD_FIELD}</arg>
<arg>${Credentials[1]}</arg>
</arguments>
<msg timestamp="20200401 16:39:45.042" level="INFO">Typing text 'TestPassword!' into text field 'xpath=//input[@ng-model='$ctrl.credentials.password']'.</msg>
<status status="PASS" starttime="20200401 16:39:45.042" endtime="20200401 16:39:45.361"></status>
</kw>
<status status="PASS" starttime="20200401 16:39:45.041" endtime="20200401 16:39:45.361"></status>
</kw>
<status status="PASS" starttime="20200401 16:39:44.341" endtime="20200401 16:39:45.361"></status>
</kw>
<kw name="Click Submit" library="SignIn">
<kw name="Click Button" library="SeleniumLibrary">
<doc>Clicks the button identified by ``locator``.</doc>
<arguments>
<arg>${LOGIN_SUBMIT_BUTTON}</arg>
</arguments>
<msg timestamp="20200401 16:39:45.362" level="INFO">Clicking button 'Log In'.</msg>
<status status="PASS" starttime="20200401 16:39:45.362" endtime="20200401 16:39:45.776"></status>
</kw>
<status status="PASS" starttime="20200401 16:39:45.362" endtime="20200401 16:39:45.777"></status>
</kw>
<kw name="Sleep" library="BuiltIn">
<doc>Pauses the test executed for the given time.</doc>
<arguments>
<arg>3s</arg>
</arguments>
<msg timestamp="20200401 16:39:48.778" level="INFO">Slept 3 seconds</msg>
<status status="PASS" starttime="20200401 16:39:45.777" endtime="20200401 16:39:48.778"></status>
</kw>
<status status="PASS" starttime="20200401 16:39:44.340" endtime="20200401 16:39:48.778"></status>
</kw>
<status status="PASS" starttime="20200401 16:39:44.340" endtime="20200401 16:39:48.778"></status>
</kw>
<kw name="Run Keyword And Continue On Failure" library="BuiltIn">
<doc>Runs the keyword and continues execution even if a failure occurs.</doc>
<arguments>
<arg>Verify Login Page Error Message</arg>
<arg>${LoginScenario[2]}</arg>
</arguments>
<kw name="Verify Login Page Error Message" library="CarsApp">
<arguments>
<arg>${LoginScenario[2]}</arg>
</arguments>
<kw name="Verify Error Message" library="SignIn">
<arguments>
<arg>${ExpectedErrorMessage}</arg>
</arguments>
<kw name="Page Should Contain" library="SeleniumLibrary">
<doc>Verifies that current page contains ``text``.</doc>
<arguments>
<arg>${ExpectedErrorMessage}</arg>
</arguments>
<msg timestamp="20200401 16:39:48.812" level="INFO">Current page contains text 'Your username and/or password is incorrect. Please try again.'.</msg>
<status status="PASS" starttime="20200401 16:39:48.781" endtime="20200401 16:39:48.813"></status>
</kw>
<status status="PASS" starttime="20200401 16:39:48.780" endtime="20200401 16:39:48.813"></status>
</kw>
<status status="PASS" starttime="20200401 16:39:48.779" endtime="20200401 16:39:48.813"></status>
</kw>
<status status="PASS" starttime="20200401 16:39:48.779" endtime="20200401 16:39:48.813"></status>
</kw>
<status status="PASS" starttime="20200401 16:39:37.075" endtime="20200401 16:39:48.813"></status>
</kw>
<kw name="${LoginScenario} = ['hakan.cuzdan@gmail.com', 'InvalidPassword', 'Your username and/or password is incorrect. Please try again.']" type="foritem">
<kw name="Run Keyword And Continue On Failure" library="BuiltIn">
<doc>Runs the keyword and continues execution even if a failure occurs.</doc>
<arguments>
<arg>SignIn.Navigate To</arg>
</arguments>
<kw name="Navigate To" library="SignIn">
<kw name="Catenate" library="BuiltIn">
<doc>Catenates the given items together and returns the resulted string.</doc>
<arguments>
<arg>SEPARATOR=/</arg>
<arg>${BASE_URL}[${ENVIRONMENT}]</arg>
<arg>${LOGIN_URL}</arg>
</arguments>
<assign>
<var>${SignInUrl}</var>
</assign>
<msg timestamp="20200401 16:39:48.814" level="INFO">${SignInUrl} = https://www.cars.com//profile/secure/login</msg>
<status status="PASS" starttime="20200401 16:39:48.814" endtime="20200401 16:39:48.814"></status>
</kw>
<kw name="Go To" library="SeleniumLibrary">
<doc>Navigates the current browser window to the provided ``url``.</doc>
<arguments>
<arg>${SignInUrl}</arg>
</arguments>
<msg timestamp="20200401 16:39:48.814" level="INFO">Opening url 'https://www.cars.com//profile/secure/login'</msg>
<status status="PASS" starttime="20200401 16:39:48.814" endtime="20200401 16:39:52.132"></status>
</kw>
<status status="PASS" starttime="20200401 16:39:48.813" endtime="20200401 16:39:52.132"></status>
</kw>
<status status="PASS" starttime="20200401 16:39:48.813" endtime="20200401 16:39:52.133"></status>
</kw>
<kw name="Run Keyword And Continue On Failure" library="BuiltIn">
<doc>Runs the keyword and continues execution even if a failure occurs.</doc>
<arguments>
<arg>Attempt Login</arg>
<arg>${LoginScenario}</arg>
</arguments>
<kw name="Attempt Login" library="CarsApp">
<arguments>
<arg>${LoginScenario}</arg>
</arguments>
<kw name="Enter Credentials" library="SignIn">
<arguments>
<arg>${Credentials}</arg>
</arguments>
<kw name="Run Keyword Unless" library="BuiltIn">
<doc>Runs the given keyword with the given arguments if ``condition`` is false.</doc>
<arguments>
<arg>'${Credentials[0]}' == '#BLANK'</arg>
<arg>Input Text</arg>
<arg>${SIGN_IN_EMAIL_FIELD}</arg>
<arg>${Credentials[0]}</arg>
</arguments>
<kw name="Input Text" library="SeleniumLibrary">
<doc>Types the given ``text`` into the text field identified by ``locator``.</doc>
<arguments>
<arg>${SIGN_IN_EMAIL_FIELD}</arg>
<arg>${Credentials[0]}</arg>
</arguments>
<msg timestamp="20200401 16:39:52.155" level="INFO">Typing text 'hakan.cuzdan@gmail.com' into text field 'xpath=//input[@ng-model='$ctrl.credentials.email']'.</msg>
<status status="PASS" starttime="20200401 16:39:52.142" endtime="20200401 16:39:52.680"></status>
</kw>
<status status="PASS" starttime="20200401 16:39:52.142" endtime="20200401 16:39:52.680"></status>
</kw>
<kw name="Run Keyword Unless" library="BuiltIn">
<doc>Runs the given keyword with the given arguments if ``condition`` is false.</doc>
<arguments>
<arg>'${Credentials[1]}' == '#BLANK'</arg>
<arg>Input Text</arg>
<arg>${SIGN_IN_PASSWORD_FIELD}</arg>
<arg>${Credentials[1]}</arg>
</arguments>
<kw name="Input Text" library="SeleniumLibrary">
<doc>Types the given ``text`` into the text field identified by ``locator``.</doc>
<arguments>
<arg>${SIGN_IN_PASSWORD_FIELD}</arg>
<arg>${Credentials[1]}</arg>
</arguments>
<msg timestamp="20200401 16:39:52.681" level="INFO">Typing text 'InvalidPassword' into text field 'xpath=//input[@ng-model='$ctrl.credentials.password']'.</msg>
<status status="PASS" starttime="20200401 16:39:52.681" endtime="20200401 16:39:53.085"></status>
</kw>
<status status="PASS" starttime="20200401 16:39:52.680" endtime="20200401 16:39:53.085"></status>
</kw>
<status status="PASS" starttime="20200401 16:39:52.134" endtime="20200401 16:39:53.085"></status>
</kw>
<kw name="Click Submit" library="SignIn">
<kw name="Click Button" library="SeleniumLibrary">
<doc>Clicks the button identified by ``locator``.</doc>
<arguments>
<arg>${LOGIN_SUBMIT_BUTTON}</arg>
</arguments>
<msg timestamp="20200401 16:39:53.086" level="INFO">Clicking button 'Log In'.</msg>
<status status="PASS" starttime="20200401 16:39:53.086" endtime="20200401 16:39:53.653"></status>
</kw>
<status status="PASS" starttime="20200401 16:39:53.085" endtime="20200401 16:39:53.653"></status>
</kw>
<kw name="Sleep" library="BuiltIn">
<doc>Pauses the test executed for the given time.</doc>
<arguments>
<arg>3s</arg>
</arguments>
<msg timestamp="20200401 16:39:56.654" level="INFO">Slept 3 seconds</msg>
<status status="PASS" starttime="20200401 16:39:53.654" endtime="20200401 16:39:56.654"></status>
</kw>
<status status="PASS" starttime="20200401 16:39:52.133" endtime="20200401 16:39:56.654"></status>
</kw>
<status status="PASS" starttime="20200401 16:39:52.133" endtime="20200401 16:39:56.654"></status>
</kw>
<kw name="Run Keyword And Continue On Failure" library="BuiltIn">
<doc>Runs the keyword and continues execution even if a failure occurs.</doc>
<arguments>
<arg>Verify Login Page Error Message</arg>
<arg>${LoginScenario[2]}</arg>
</arguments>
<kw name="Verify Login Page Error Message" library="CarsApp">
<arguments>
<arg>${LoginScenario[2]}</arg>
</arguments>
<kw name="Verify Error Message" library="SignIn">
<arguments>
<arg>${ExpectedErrorMessage}</arg>
</arguments>
<kw name="Page Should Contain" library="SeleniumLibrary">
<doc>Verifies that current page contains ``text``.</doc>
<arguments>
<arg>${ExpectedErrorMessage}</arg>
</arguments>
<msg timestamp="20200401 16:39:56.681" level="INFO">Current page contains text 'Your username and/or password is incorrect. Please try again.'.</msg>
<status status="PASS" starttime="20200401 16:39:56.655" endtime="20200401 16:39:56.681"></status>
</kw>
<status status="PASS" starttime="20200401 16:39:56.655" endtime="20200401 16:39:56.681"></status>
</kw>
<status status="PASS" starttime="20200401 16:39:56.655" endtime="20200401 16:39:56.681"></status>
</kw>
<status status="PASS" starttime="20200401 16:39:56.655" endtime="20200401 16:39:56.681"></status>
</kw>
<status status="PASS" starttime="20200401 16:39:48.813" endtime="20200401 16:39:56.681"></status>
</kw>
<kw name="${LoginScenario} = ['#BLANK', '#BLANK', 'Please enter your email address and password.']" type="foritem">
<kw name="Run Keyword And Continue On Failure" library="BuiltIn">
<doc>Runs the keyword and continues execution even if a failure occurs.</doc>
<arguments>
<arg>SignIn.Navigate To</arg>
</arguments>
<kw name="Navigate To" library="SignIn">
<kw name="Catenate" library="BuiltIn">
<doc>Catenates the given items together and returns the resulted string.</doc>
<arguments>
<arg>SEPARATOR=/</arg>
<arg>${BASE_URL}[${ENVIRONMENT}]</arg>
<arg>${LOGIN_URL}</arg>
</arguments>
<assign>
<var>${SignInUrl}</var>
</assign>
<msg timestamp="20200401 16:39:56.682" level="INFO">${SignInUrl} = https://www.cars.com//profile/secure/login</msg>
<status status="PASS" starttime="20200401 16:39:56.682" endtime="20200401 16:39:56.683"></status>
</kw>
<kw name="Go To" library="SeleniumLibrary">
<doc>Navigates the current browser window to the provided ``url``.</doc>
<arguments>
<arg>${SignInUrl}</arg>
</arguments>
<msg timestamp="20200401 16:39:56.683" level="INFO">Opening url 'https://www.cars.com//profile/secure/login'</msg>
<status status="PASS" starttime="20200401 16:39:56.683" endtime="20200401 16:39:59.735"></status>
</kw>
<status status="PASS" starttime="20200401 16:39:56.682" endtime="20200401 16:39:59.735"></status>
</kw>
<status status="PASS" starttime="20200401 16:39:56.682" endtime="20200401 16:39:59.736"></status>
</kw>
<kw name="Run Keyword And Continue On Failure" library="BuiltIn">
<doc>Runs the keyword and continues execution even if a failure occurs.</doc>
<arguments>
<arg>Attempt Login</arg>
<arg>${LoginScenario}</arg>
</arguments>
<kw name="Attempt Login" library="CarsApp">
<arguments>
<arg>${LoginScenario}</arg>
</arguments>
<kw name="Enter Credentials" library="SignIn">
<arguments>
<arg>${Credentials}</arg>
</arguments>
<kw name="Run Keyword Unless" library="BuiltIn">
<doc>Runs the given keyword with the given arguments if ``condition`` is false.</doc>
<arguments>
<arg>'${Credentials[0]}' == '#BLANK'</arg>
<arg>Input Text</arg>
<arg>${SIGN_IN_EMAIL_FIELD}</arg>
<arg>${Credentials[0]}</arg>
</arguments>
<status status="PASS" starttime="20200401 16:39:59.743" endtime="20200401 16:39:59.744"></status>
</kw>
<kw name="Run Keyword Unless" library="BuiltIn">
<doc>Runs the given keyword with the given arguments if ``condition`` is false.</doc>
<arguments>
<arg>'${Credentials[1]}' == '#BLANK'</arg>
<arg>Input Text</arg>
<arg>${SIGN_IN_PASSWORD_FIELD}</arg>
<arg>${Credentials[1]}</arg>
</arguments>
<status status="PASS" starttime="20200401 16:39:59.746" endtime="20200401 16:39:59.746"></status>
</kw>
<status status="PASS" starttime="20200401 16:39:59.743" endtime="20200401 16:39:59.746"></status>
</kw>
<kw name="Click Submit" library="SignIn">
<kw name="Click Button" library="SeleniumLibrary">
<doc>Clicks the button identified by ``locator``.</doc>
<arguments>
<arg>${LOGIN_SUBMIT_BUTTON}</arg>
</arguments>
<msg timestamp="20200401 16:39:59.757" level="INFO">Clicking button 'Log In'.</msg>
<status status="PASS" starttime="20200401 16:39:59.746" endtime="20200401 16:40:01.063"></status>
</kw>
<status status="PASS" starttime="20200401 16:39:59.746" endtime="20200401 16:40:01.063"></status>
</kw>
<kw name="Sleep" library="BuiltIn">
<doc>Pauses the test executed for the given time.</doc>
<arguments>
<arg>3s</arg>
</arguments>
<msg timestamp="20200401 16:40:04.064" level="INFO">Slept 3 seconds</msg>
<status status="PASS" starttime="20200401 16:40:01.063" endtime="20200401 16:40:04.064"></status>
</kw>
<status status="PASS" starttime="20200401 16:39:59.742" endtime="20200401 16:40:04.064"></status>
</kw>
<status status="PASS" starttime="20200401 16:39:59.736" endtime="20200401 16:40:04.064"></status>
</kw>
<kw name="Run Keyword And Continue On Failure" library="BuiltIn">
<doc>Runs the keyword and continues execution even if a failure occurs.</doc>
<arguments>
<arg>Verify Login Page Error Message</arg>
<arg>${LoginScenario[2]}</arg>
</arguments>
<kw name="Verify Login Page Error Message" library="CarsApp">
<arguments>
<arg>${LoginScenario[2]}</arg>
</arguments>
<kw name="Verify Error Message" library="SignIn">
<arguments>
<arg>${ExpectedErrorMessage}</arg>
</arguments>
<kw name="Page Should Contain" library="SeleniumLibrary">
<doc>Verifies that current page contains ``text``.</doc>
<arguments>
<arg>${ExpectedErrorMessage}</arg>
</arguments>
<msg timestamp="20200401 16:40:04.085" level="INFO">Current page contains text 'Please enter your email address and password.'.</msg>
<status status="PASS" starttime="20200401 16:40:04.065" endtime="20200401 16:40:04.085"></status>
</kw>
<status status="PASS" starttime="20200401 16:40:04.065" endtime="20200401 16:40:04.085"></status>
</kw>
<status status="PASS" starttime="20200401 16:40:04.064" endtime="20200401 16:40:04.085"></status>
</kw>
<status status="PASS" starttime="20200401 16:40:04.064" endtime="20200401 16:40:04.085"></status>
</kw>
<status status="PASS" starttime="20200401 16:39:56.681" endtime="20200401 16:40:04.085"></status>
</kw>
<status status="PASS" starttime="20200401 16:39:37.075" endtime="20200401 16:40:04.085"></status>
</kw>
<status status="PASS" starttime="20200401 16:39:37.075" endtime="20200401 16:40:04.085"></status>
</kw>
<kw name="End Web Test" library="Common" type="teardown">
<kw name="Close All Browsers" library="SeleniumLibrary">
<doc>Closes all open browsers and resets the browser cache.</doc>
<status status="PASS" starttime="20200401 16:40:04.086" endtime="20200401 16:40:08.575"></status>
</kw>
<status status="PASS" starttime="20200401 16:40:04.086" endtime="20200401 16:40:08.575"></status>
</kw>
<status status="PASS" starttime="20200401 16:39:29.779" endtime="20200401 16:40:08.576" critical="yes"></status>
</test>
<doc>Demonstrate a need for data-driven testing</doc>
<status status="PASS" starttime="20200401 16:39:29.608" endtime="20200401 16:40:08.576"></status>
</suite>
<statistics>
<total>
<stat pass="1" fail="0">Critical Tests</stat>
<stat pass="1" fail="0">All Tests</stat>
</total>
<tag>
</tag>
<suite>
<stat pass="1" fail="0" id="s1" name="Cars">Cars</stat>
</suite>
</statistics>
<errors>
</errors>
</robot>
